{"/Library/WebServer/Documents/conveyor-belt/conveyor-belt-nodejs-JS/index.js": {"path":"/Library/WebServer/Documents/conveyor-belt/conveyor-belt-nodejs-JS/index.js","statementMap":{"0":{"start":{"line":1,"column":16},"end":{"line":1,"column":34}},"1":{"start":{"line":2,"column":19},"end":{"line":2,"column":41}},"2":{"start":{"line":3,"column":30},"end":{"line":3,"column":55}},"3":{"start":{"line":4,"column":25},"end":{"line":4,"column":49}},"4":{"start":{"line":5,"column":13},"end":{"line":5,"column":28}},"5":{"start":{"line":6,"column":13},"end":{"line":6,"column":34}},"6":{"start":{"line":7,"column":13},"end":{"line":7,"column":28}},"7":{"start":{"line":9,"column":12},"end":{"line":9,"column":21}},"8":{"start":{"line":10,"column":13},"end":{"line":10,"column":37}},"9":{"start":{"line":12,"column":0},"end":{"line":12,"column":16}},"10":{"start":{"line":13,"column":0},"end":{"line":13,"column":24}},"11":{"start":{"line":14,"column":0},"end":{"line":14,"column":48}},"12":{"start":{"line":16,"column":30},"end":{"line":16,"column":62}},"13":{"start":{"line":17,"column":0},"end":{"line":17,"column":41}},"14":{"start":{"line":19,"column":24},"end":{"line":22,"column":2}},"15":{"start":{"line":24,"column":24},"end":{"line":28,"column":2}},"16":{"start":{"line":30,"column":19},"end":{"line":34,"column":2}},"17":{"start":{"line":36,"column":17},"end":{"line":36,"column":40}},"18":{"start":{"line":37,"column":16},"end":{"line":40,"column":2}},"19":{"start":{"line":38,"column":17},"end":{"line":38,"column":44}},"20":{"start":{"line":39,"column":2},"end":{"line":39,"column":16}},"21":{"start":{"line":43,"column":24},"end":{"line":43,"column":26}},"22":{"start":{"line":46,"column":0},"end":{"line":46,"column":46}},"23":{"start":{"line":49,"column":0},"end":{"line":157,"column":3}},"24":{"start":{"line":50,"column":2},"end":{"line":156,"column":5}},"25":{"start":{"line":160,"column":0},"end":{"line":162,"column":3}},"26":{"start":{"line":161,"column":2},"end":{"line":161,"column":80}},"27":{"start":{"line":165,"column":0},"end":{"line":181,"column":3}},"28":{"start":{"line":166,"column":2},"end":{"line":180,"column":3}},"29":{"start":{"line":167,"column":4},"end":{"line":176,"column":7}},"30":{"start":{"line":178,"column":4},"end":{"line":178,"column":62}},"31":{"start":{"line":179,"column":4},"end":{"line":179,"column":72}},"32":{"start":{"line":183,"column":0},"end":{"line":191,"column":3}},"33":{"start":{"line":184,"column":2},"end":{"line":190,"column":3}},"34":{"start":{"line":185,"column":4},"end":{"line":185,"column":24}},"35":{"start":{"line":186,"column":4},"end":{"line":186,"column":61}},"36":{"start":{"line":187,"column":4},"end":{"line":187,"column":49}},"37":{"start":{"line":189,"column":4},"end":{"line":189,"column":29}},"38":{"start":{"line":193,"column":0},"end":{"line":240,"column":3}},"39":{"start":{"line":194,"column":2},"end":{"line":239,"column":3}},"40":{"start":{"line":195,"column":28},"end":{"line":195,"column":36}},"41":{"start":{"line":196,"column":20},"end":{"line":196,"column":22}},"42":{"start":{"line":197,"column":28},"end":{"line":197,"column":46}},"43":{"start":{"line":199,"column":4},"end":{"line":202,"column":5}},"44":{"start":{"line":199,"column":17},"end":{"line":199,"column":18}},"45":{"start":{"line":200,"column":6},"end":{"line":200,"column":51}},"46":{"start":{"line":201,"column":6},"end":{"line":201,"column":26}},"47":{"start":{"line":204,"column":4},"end":{"line":204,"column":62}},"48":{"start":{"line":205,"column":4},"end":{"line":205,"column":57}},"49":{"start":{"line":206,"column":4},"end":{"line":206,"column":57}},"50":{"start":{"line":209,"column":29},"end":{"line":217,"column":5}},"51":{"start":{"line":219,"column":4},"end":{"line":219,"column":45}},"52":{"start":{"line":222,"column":4},"end":{"line":224,"column":5}},"53":{"start":{"line":223,"column":6},"end":{"line":223,"column":55}},"54":{"start":{"line":226,"column":4},"end":{"line":234,"column":7}},"55":{"start":{"line":237,"column":4},"end":{"line":237,"column":46}},"56":{"start":{"line":238,"column":4},"end":{"line":238,"column":57}},"57":{"start":{"line":242,"column":0},"end":{"line":259,"column":3}},"58":{"start":{"line":243,"column":2},"end":{"line":243,"column":19}},"59":{"start":{"line":244,"column":2},"end":{"line":244,"column":44}},"60":{"start":{"line":244,"column":28},"end":{"line":244,"column":42}},"61":{"start":{"line":245,"column":2},"end":{"line":245,"column":22}},"62":{"start":{"line":248,"column":2},"end":{"line":248,"column":25}},"63":{"start":{"line":250,"column":2},"end":{"line":258,"column":5}},"64":{"start":{"line":262,"column":16},"end":{"line":262,"column":72}},"65":{"start":{"line":263,"column":2},"end":{"line":263,"column":71}},"66":{"start":{"line":267,"column":2},"end":{"line":284,"column":3}},"67":{"start":{"line":268,"column":4},"end":{"line":278,"column":5}},"68":{"start":{"line":269,"column":6},"end":{"line":269,"column":78}},"69":{"start":{"line":270,"column":6},"end":{"line":275,"column":9}},"70":{"start":{"line":271,"column":8},"end":{"line":274,"column":10}},"71":{"start":{"line":277,"column":6},"end":{"line":277,"column":56}},"72":{"start":{"line":280,"column":4},"end":{"line":280,"column":46}},"73":{"start":{"line":281,"column":4},"end":{"line":283,"column":7}},"74":{"start":{"line":282,"column":6},"end":{"line":282,"column":50}},"75":{"start":{"line":287,"column":0},"end":{"line":289,"column":3}},"76":{"start":{"line":288,"column":2},"end":{"line":288,"column":56}},"77":{"start":{"line":291,"column":0},"end":{"line":294,"column":3}},"78":{"start":{"line":292,"column":2},"end":{"line":292,"column":27}},"79":{"start":{"line":293,"column":2},"end":{"line":293,"column":59}},"80":{"start":{"line":296,"column":0},"end":{"line":305,"column":3}},"81":{"start":{"line":297,"column":2},"end":{"line":297,"column":61}},"82":{"start":{"line":298,"column":2},"end":{"line":304,"column":56}},"83":{"start":{"line":307,"column":0},"end":{"line":310,"column":3}},"84":{"start":{"line":308,"column":2},"end":{"line":308,"column":17}},"85":{"start":{"line":309,"column":2},"end":{"line":309,"column":17}}},"fnMap":{"0":{"name":"(anonymous_0)","decl":{"start":{"line":37,"column":36},"end":{"line":37,"column":37}},"loc":{"start":{"line":37,"column":50},"end":{"line":40,"column":1}},"line":37},"1":{"name":"(anonymous_1)","decl":{"start":{"line":49,"column":13},"end":{"line":49,"column":14}},"loc":{"start":{"line":49,"column":27},"end":{"line":157,"column":1}},"line":49},"2":{"name":"(anonymous_2)","decl":{"start":{"line":160,"column":22},"end":{"line":160,"column":23}},"loc":{"start":{"line":160,"column":36},"end":{"line":162,"column":1}},"line":160},"3":{"name":"(anonymous_3)","decl":{"start":{"line":165,"column":35},"end":{"line":165,"column":36}},"loc":{"start":{"line":165,"column":49},"end":{"line":181,"column":1}},"line":165},"4":{"name":"(anonymous_4)","decl":{"start":{"line":183,"column":20},"end":{"line":183,"column":21}},"loc":{"start":{"line":183,"column":40},"end":{"line":191,"column":1}},"line":183},"5":{"name":"(anonymous_5)","decl":{"start":{"line":193,"column":26},"end":{"line":193,"column":27}},"loc":{"start":{"line":193,"column":40},"end":{"line":240,"column":1}},"line":193},"6":{"name":"(anonymous_6)","decl":{"start":{"line":242,"column":23},"end":{"line":242,"column":24}},"loc":{"start":{"line":242,"column":37},"end":{"line":259,"column":1}},"line":242},"7":{"name":"(anonymous_7)","decl":{"start":{"line":244,"column":18},"end":{"line":244,"column":19}},"loc":{"start":{"line":244,"column":28},"end":{"line":244,"column":42}},"line":244},"8":{"name":"calculateEfficiency","decl":{"start":{"line":261,"column":9},"end":{"line":261,"column":28}},"loc":{"start":{"line":261,"column":31},"end":{"line":264,"column":1}},"line":261},"9":{"name":"updateGpioMetrics","decl":{"start":{"line":266,"column":9},"end":{"line":266,"column":26}},"loc":{"start":{"line":266,"column":29},"end":{"line":285,"column":1}},"line":266},"10":{"name":"(anonymous_10)","decl":{"start":{"line":270,"column":22},"end":{"line":270,"column":23}},"loc":{"start":{"line":270,"column":37},"end":{"line":275,"column":7}},"line":270},"11":{"name":"(anonymous_11)","decl":{"start":{"line":281,"column":20},"end":{"line":281,"column":21}},"loc":{"start":{"line":281,"column":30},"end":{"line":283,"column":5}},"line":281},"12":{"name":"(anonymous_12)","decl":{"start":{"line":287,"column":8},"end":{"line":287,"column":9}},"loc":{"start":{"line":287,"column":22},"end":{"line":289,"column":1}},"line":287},"13":{"name":"(anonymous_13)","decl":{"start":{"line":291,"column":8},"end":{"line":291,"column":9}},"loc":{"start":{"line":291,"column":33},"end":{"line":294,"column":1}},"line":291},"14":{"name":"(anonymous_14)","decl":{"start":{"line":296,"column":17},"end":{"line":296,"column":18}},"loc":{"start":{"line":296,"column":23},"end":{"line":305,"column":1}},"line":296},"15":{"name":"(anonymous_15)","decl":{"start":{"line":307,"column":21},"end":{"line":307,"column":22}},"loc":{"start":{"line":307,"column":27},"end":{"line":310,"column":1}},"line":307}},"branchMap":{"0":{"loc":{"start":{"line":10,"column":13},"end":{"line":10,"column":37}},"type":"binary-expr","locations":[{"start":{"line":10,"column":13},"end":{"line":10,"column":29}},{"start":{"line":10,"column":33},"end":{"line":10,"column":37}}],"line":10},"1":{"loc":{"start":{"line":195,"column":12},"end":{"line":195,"column":23}},"type":"default-arg","locations":[{"start":{"line":195,"column":20},"end":{"line":195,"column":23}}],"line":195},"2":{"loc":{"start":{"line":222,"column":4},"end":{"line":224,"column":5}},"type":"if","locations":[{"start":{"line":222,"column":4},"end":{"line":224,"column":5}},{"start":{},"end":{}}],"line":222},"3":{"loc":{"start":{"line":263,"column":9},"end":{"line":263,"column":70}},"type":"cond-expr","locations":[{"start":{"line":263,"column":21},"end":{"line":263,"column":66}},{"start":{"line":263,"column":69},"end":{"line":263,"column":70}}],"line":263},"4":{"loc":{"start":{"line":267,"column":2},"end":{"line":284,"column":3}},"type":"if","locations":[{"start":{"line":267,"column":2},"end":{"line":284,"column":3}},{"start":{"line":279,"column":9},"end":{"line":284,"column":3}}],"line":267}},"s":{"0":0,"1":0,"2":0,"3":0,"4":0,"5":0,"6":0,"7":0,"8":0,"9":0,"10":0,"11":0,"12":0,"13":0,"14":0,"15":0,"16":0,"17":0,"18":0,"19":0,"20":0,"21":0,"22":0,"23":0,"24":0,"25":0,"26":0,"27":0,"28":0,"29":0,"30":0,"31":0,"32":0,"33":0,"34":0,"35":0,"36":0,"37":0,"38":0,"39":0,"40":0,"41":0,"42":0,"43":0,"44":0,"45":0,"46":0,"47":0,"48":0,"49":0,"50":0,"51":0,"52":0,"53":0,"54":0,"55":0,"56":0,"57":0,"58":0,"59":0,"60":0,"61":0,"62":0,"63":0,"64":0,"65":0,"66":0,"67":0,"68":0,"69":0,"70":0,"71":0,"72":0,"73":0,"74":0,"75":0,"76":0,"77":0,"78":0,"79":0,"80":0,"81":0,"82":0,"83":0,"84":0,"85":0},"f":{"0":0,"1":0,"2":0,"3":0,"4":0,"5":0,"6":0,"7":0,"8":0,"9":0,"10":0,"11":0,"12":0,"13":0,"14":0,"15":0},"b":{"0":[0,0],"1":[0],"2":[0,0],"3":[0,0],"4":[0,0]}}
,"/Library/WebServer/Documents/conveyor-belt/conveyor-belt-nodejs-JS/lib/backup-gpio.js": {"path":"/Library/WebServer/Documents/conveyor-belt/conveyor-belt-nodejs-JS/lib/backup-gpio.js","statementMap":{"0":{"start":{"line":1,"column":13},"end":{"line":1,"column":34}},"1":{"start":{"line":2,"column":13},"end":{"line":6,"column":1}},"2":{"start":{"line":9,"column":2},"end":{"line":9,"column":55}},"3":{"start":{"line":9,"column":37},"end":{"line":9,"column":53}},"4":{"start":{"line":10,"column":2},"end":{"line":10,"column":80}},"5":{"start":{"line":10,"column":37},"end":{"line":10,"column":80}}},"fnMap":{"0":{"name":"updateLeds","decl":{"start":{"line":8,"column":9},"end":{"line":8,"column":19}},"loc":{"start":{"line":8,"column":34},"end":{"line":11,"column":1}},"line":8},"1":{"name":"(anonymous_1)","decl":{"start":{"line":9,"column":30},"end":{"line":9,"column":31}},"loc":{"start":{"line":9,"column":37},"end":{"line":9,"column":53}},"line":9}},"branchMap":{"0":{"loc":{"start":{"line":10,"column":2},"end":{"line":10,"column":80}},"type":"if","locations":[{"start":{"line":10,"column":2},"end":{"line":10,"column":80}},{"start":{},"end":{}}],"line":10}},"s":{"0":0,"1":0,"2":0,"3":0,"4":0,"5":0},"f":{"0":0,"1":0},"b":{"0":[0,0]}}
,"/Library/WebServer/Documents/conveyor-belt/conveyor-belt-nodejs-JS/lib/conveyor-backup.js": {"path":"/Library/WebServer/Documents/conveyor-belt/conveyor-belt-nodejs-JS/lib/conveyor-backup.js","statementMap":{"0":{"start":{"line":3,"column":4},"end":{"line":3,"column":17}},"1":{"start":{"line":7,"column":4},"end":{"line":7,"column":38}},"2":{"start":{"line":8,"column":4},"end":{"line":8,"column":21}},"3":{"start":{"line":9,"column":4},"end":{"line":9,"column":21}},"4":{"start":{"line":10,"column":4},"end":{"line":10,"column":23}},"5":{"start":{"line":15,"column":20},"end":{"line":15,"column":83}},"6":{"start":{"line":16,"column":4},"end":{"line":16,"column":21}},"7":{"start":{"line":17,"column":4},"end":{"line":17,"column":32}},"8":{"start":{"line":20,"column":21},"end":{"line":20,"column":54}},"9":{"start":{"line":21,"column":4},"end":{"line":21,"column":41}},"10":{"start":{"line":21,"column":26},"end":{"line":21,"column":41}},"11":{"start":{"line":22,"column":4},"end":{"line":22,"column":41}},"12":{"start":{"line":22,"column":26},"end":{"line":22,"column":41}},"13":{"start":{"line":25,"column":4},"end":{"line":43,"column":7}},"14":{"start":{"line":26,"column":6},"end":{"line":31,"column":7}},"15":{"start":{"line":26,"column":19},"end":{"line":26,"column":20}},"16":{"start":{"line":27,"column":28},"end":{"line":27,"column":61}},"17":{"start":{"line":28,"column":8},"end":{"line":30,"column":9}},"18":{"start":{"line":29,"column":10},"end":{"line":29,"column":38}},"19":{"start":{"line":34,"column":6},"end":{"line":42,"column":7}},"20":{"start":{"line":35,"column":8},"end":{"line":41,"column":9}},"21":{"start":{"line":35,"column":21},"end":{"line":35,"column":22}},"22":{"start":{"line":36,"column":10},"end":{"line":40,"column":11}},"23":{"start":{"line":37,"column":12},"end":{"line":37,"column":32}},"24":{"start":{"line":38,"column":12},"end":{"line":38,"column":29}},"25":{"start":{"line":39,"column":12},"end":{"line":39,"column":18}},"26":{"start":{"line":45,"column":4},"end":{"line":45,"column":27}},"27":{"start":{"line":49,"column":4},"end":{"line":54,"column":6}},"28":{"start":{"line":58,"column":0},"end":{"line":58,"column":35}}},"fnMap":{"0":{"name":"(anonymous_0)","decl":{"start":{"line":2,"column":2},"end":{"line":2,"column":3}},"loc":{"start":{"line":2,"column":16},"end":{"line":4,"column":3}},"line":2},"1":{"name":"(anonymous_1)","decl":{"start":{"line":6,"column":2},"end":{"line":6,"column":3}},"loc":{"start":{"line":6,"column":10},"end":{"line":11,"column":3}},"line":6},"2":{"name":"(anonymous_2)","decl":{"start":{"line":13,"column":2},"end":{"line":13,"column":3}},"loc":{"start":{"line":13,"column":24},"end":{"line":46,"column":3}},"line":13},"3":{"name":"(anonymous_3)","decl":{"start":{"line":25,"column":20},"end":{"line":25,"column":21}},"loc":{"start":{"line":25,"column":30},"end":{"line":43,"column":5}},"line":25},"4":{"name":"(anonymous_4)","decl":{"start":{"line":48,"column":2},"end":{"line":48,"column":3}},"loc":{"start":{"line":48,"column":13},"end":{"line":55,"column":3}},"line":48}},"branchMap":{"0":{"loc":{"start":{"line":15,"column":20},"end":{"line":15,"column":83}},"type":"cond-expr","locations":[{"start":{"line":15,"column":43},"end":{"line":15,"column":46}},{"start":{"line":15,"column":50},"end":{"line":15,"column":82}}],"line":15},"1":{"loc":{"start":{"line":15,"column":50},"end":{"line":15,"column":82}},"type":"cond-expr","locations":[{"start":{"line":15,"column":72},"end":{"line":15,"column":75}},{"start":{"line":15,"column":78},"end":{"line":15,"column":82}}],"line":15},"2":{"loc":{"start":{"line":21,"column":4},"end":{"line":21,"column":41}},"type":"if","locations":[{"start":{"line":21,"column":4},"end":{"line":21,"column":41}},{"start":{},"end":{}}],"line":21},"3":{"loc":{"start":{"line":22,"column":4},"end":{"line":22,"column":41}},"type":"if","locations":[{"start":{"line":22,"column":4},"end":{"line":22,"column":41}},{"start":{},"end":{}}],"line":22},"4":{"loc":{"start":{"line":28,"column":8},"end":{"line":30,"column":9}},"type":"if","locations":[{"start":{"line":28,"column":8},"end":{"line":30,"column":9}},{"start":{},"end":{}}],"line":28},"5":{"loc":{"start":{"line":34,"column":6},"end":{"line":42,"column":7}},"type":"if","locations":[{"start":{"line":34,"column":6},"end":{"line":42,"column":7}},{"start":{},"end":{}}],"line":34},"6":{"loc":{"start":{"line":36,"column":10},"end":{"line":40,"column":11}},"type":"if","locations":[{"start":{"line":36,"column":10},"end":{"line":40,"column":11}},{"start":{},"end":{}}],"line":36}},"s":{"0":0,"1":0,"2":0,"3":0,"4":0,"5":0,"6":0,"7":0,"8":0,"9":0,"10":0,"11":0,"12":0,"13":0,"14":0,"15":0,"16":0,"17":0,"18":0,"19":0,"20":0,"21":0,"22":0,"23":0,"24":0,"25":0,"26":0,"27":0,"28":0},"f":{"0":0,"1":0,"2":0,"3":0,"4":0},"b":{"0":[0,0],"1":[0,0],"2":[0,0],"3":[0,0],"4":[0,0],"5":[0,0],"6":[0,0]}}
,"/Library/WebServer/Documents/conveyor-belt/conveyor-belt-nodejs-JS/lib/conveyor.js": {"path":"/Library/WebServer/Documents/conveyor-belt/conveyor-belt-nodejs-JS/lib/conveyor.js","statementMap":{"0":{"start":{"line":1,"column":17},"end":{"line":1,"column":33}},"1":{"start":{"line":2,"column":13},"end":{"line":2,"column":30}},"2":{"start":{"line":6,"column":4},"end":{"line":6,"column":38}},"3":{"start":{"line":7,"column":4},"end":{"line":7,"column":21}},"4":{"start":{"line":8,"column":4},"end":{"line":8,"column":21}},"5":{"start":{"line":9,"column":4},"end":{"line":9,"column":23}},"6":{"start":{"line":10,"column":4},"end":{"line":10,"column":23}},"7":{"start":{"line":11,"column":4},"end":{"line":11,"column":27}},"8":{"start":{"line":13,"column":4},"end":{"line":15,"column":5}},"9":{"start":{"line":14,"column":6},"end":{"line":14,"column":28}},"10":{"start":{"line":19,"column":4},"end":{"line":29,"column":5}},"11":{"start":{"line":20,"column":6},"end":{"line":20,"column":38}},"12":{"start":{"line":21,"column":6},"end":{"line":21,"column":54}},"13":{"start":{"line":22,"column":6},"end":{"line":25,"column":9}},"14":{"start":{"line":23,"column":8},"end":{"line":23,"column":27}},"15":{"start":{"line":23,"column":17},"end":{"line":23,"column":27}},"16":{"start":{"line":24,"column":8},"end":{"line":24,"column":52}},"17":{"start":{"line":24,"column":25},"end":{"line":24,"column":52}},"18":{"start":{"line":27,"column":6},"end":{"line":27,"column":56}},"19":{"start":{"line":28,"column":6},"end":{"line":28,"column":27}},"20":{"start":{"line":33,"column":4},"end":{"line":33,"column":47}},"21":{"start":{"line":33,"column":24},"end":{"line":33,"column":47}},"22":{"start":{"line":35,"column":4},"end":{"line":35,"column":21}},"23":{"start":{"line":36,"column":20},"end":{"line":36,"column":44}},"24":{"start":{"line":37,"column":4},"end":{"line":37,"column":21}},"25":{"start":{"line":38,"column":4},"end":{"line":38,"column":32}},"26":{"start":{"line":39,"column":4},"end":{"line":39,"column":33}},"27":{"start":{"line":41,"column":4},"end":{"line":43,"column":7}},"28":{"start":{"line":42,"column":6},"end":{"line":42,"column":40}},"29":{"start":{"line":45,"column":4},"end":{"line":45,"column":37}},"30":{"start":{"line":46,"column":4},"end":{"line":46,"column":27}},"31":{"start":{"line":50,"column":17},"end":{"line":50,"column":30}},"32":{"start":{"line":51,"column":4},"end":{"line":51,"column":58}},"33":{"start":{"line":55,"column":21},"end":{"line":55,"column":54}},"34":{"start":{"line":56,"column":4},"end":{"line":56,"column":41}},"35":{"start":{"line":56,"column":26},"end":{"line":56,"column":41}},"36":{"start":{"line":57,"column":4},"end":{"line":57,"column":41}},"37":{"start":{"line":57,"column":26},"end":{"line":57,"column":41}},"38":{"start":{"line":61,"column":4},"end":{"line":66,"column":5}},"39":{"start":{"line":61,"column":17},"end":{"line":61,"column":18}},"40":{"start":{"line":62,"column":26},"end":{"line":62,"column":59}},"41":{"start":{"line":63,"column":6},"end":{"line":65,"column":7}},"42":{"start":{"line":64,"column":8},"end":{"line":64,"column":36}},"43":{"start":{"line":68,"column":4},"end":{"line":70,"column":5}},"44":{"start":{"line":69,"column":6},"end":{"line":69,"column":37}},"45":{"start":{"line":74,"column":4},"end":{"line":81,"column":5}},"46":{"start":{"line":74,"column":17},"end":{"line":74,"column":18}},"47":{"start":{"line":75,"column":6},"end":{"line":80,"column":7}},"48":{"start":{"line":76,"column":8},"end":{"line":76,"column":28}},"49":{"start":{"line":77,"column":8},"end":{"line":77,"column":25}},"50":{"start":{"line":78,"column":8},"end":{"line":78,"column":55}},"51":{"start":{"line":79,"column":8},"end":{"line":79,"column":14}},"52":{"start":{"line":85,"column":4},"end":{"line":87,"column":7}},"53":{"start":{"line":86,"column":6},"end":{"line":86,"column":59}},"54":{"start":{"line":89,"column":4},"end":{"line":92,"column":5}},"55":{"start":{"line":90,"column":6},"end":{"line":90,"column":39}},"56":{"start":{"line":91,"column":6},"end":{"line":91,"column":61}},"57":{"start":{"line":91,"column":23},"end":{"line":91,"column":54}},"58":{"start":{"line":96,"column":4},"end":{"line":96,"column":26}},"59":{"start":{"line":97,"column":4},"end":{"line":97,"column":37}},"60":{"start":{"line":98,"column":4},"end":{"line":98,"column":61}},"61":{"start":{"line":98,"column":27},"end":{"line":98,"column":59}},"62":{"start":{"line":99,"column":4},"end":{"line":99,"column":46}},"63":{"start":{"line":103,"column":4},"end":{"line":103,"column":38}},"64":{"start":{"line":104,"column":4},"end":{"line":104,"column":21}},"65":{"start":{"line":105,"column":4},"end":{"line":105,"column":21}},"66":{"start":{"line":106,"column":4},"end":{"line":106,"column":23}},"67":{"start":{"line":107,"column":4},"end":{"line":107,"column":23}},"68":{"start":{"line":108,"column":4},"end":{"line":108,"column":27}},"69":{"start":{"line":109,"column":4},"end":{"line":109,"column":36}},"70":{"start":{"line":113,"column":4},"end":{"line":121,"column":6}},"71":{"start":{"line":125,"column":18},"end":{"line":125,"column":62}},"72":{"start":{"line":126,"column":4},"end":{"line":126,"column":69}},"73":{"start":{"line":130,"column":4},"end":{"line":132,"column":5}},"74":{"start":{"line":131,"column":6},"end":{"line":131,"column":36}},"75":{"start":{"line":133,"column":4},"end":{"line":133,"column":19}},"76":{"start":{"line":137,"column":0},"end":{"line":137,"column":39}}},"fnMap":{"0":{"name":"(anonymous_0)","decl":{"start":{"line":5,"column":2},"end":{"line":5,"column":3}},"loc":{"start":{"line":5,"column":16},"end":{"line":16,"column":3}},"line":5},"1":{"name":"(anonymous_1)","decl":{"start":{"line":18,"column":2},"end":{"line":18,"column":3}},"loc":{"start":{"line":18,"column":19},"end":{"line":30,"column":3}},"line":18},"2":{"name":"(anonymous_2)","decl":{"start":{"line":22,"column":31},"end":{"line":22,"column":32}},"loc":{"start":{"line":22,"column":47},"end":{"line":25,"column":7}},"line":22},"3":{"name":"(anonymous_3)","decl":{"start":{"line":32,"column":2},"end":{"line":32,"column":3}},"loc":{"start":{"line":32,"column":24},"end":{"line":47,"column":3}},"line":32},"4":{"name":"(anonymous_4)","decl":{"start":{"line":41,"column":20},"end":{"line":41,"column":21}},"loc":{"start":{"line":41,"column":39},"end":{"line":43,"column":5}},"line":41},"5":{"name":"(anonymous_5)","decl":{"start":{"line":49,"column":2},"end":{"line":49,"column":3}},"loc":{"start":{"line":49,"column":22},"end":{"line":52,"column":3}},"line":49},"6":{"name":"(anonymous_6)","decl":{"start":{"line":54,"column":2},"end":{"line":54,"column":3}},"loc":{"start":{"line":54,"column":26},"end":{"line":58,"column":3}},"line":54},"7":{"name":"(anonymous_7)","decl":{"start":{"line":60,"column":2},"end":{"line":60,"column":3}},"loc":{"start":{"line":60,"column":37},"end":{"line":71,"column":3}},"line":60},"8":{"name":"(anonymous_8)","decl":{"start":{"line":73,"column":2},"end":{"line":73,"column":3}},"loc":{"start":{"line":73,"column":28},"end":{"line":82,"column":3}},"line":73},"9":{"name":"(anonymous_9)","decl":{"start":{"line":84,"column":2},"end":{"line":84,"column":3}},"loc":{"start":{"line":84,"column":30},"end":{"line":93,"column":3}},"line":84},"10":{"name":"(anonymous_10)","decl":{"start":{"line":85,"column":20},"end":{"line":85,"column":21}},"loc":{"start":{"line":85,"column":35},"end":{"line":87,"column":5}},"line":85},"11":{"name":"(anonymous_11)","decl":{"start":{"line":91,"column":17},"end":{"line":91,"column":18}},"loc":{"start":{"line":91,"column":23},"end":{"line":91,"column":54}},"line":91},"12":{"name":"(anonymous_12)","decl":{"start":{"line":95,"column":2},"end":{"line":95,"column":3}},"loc":{"start":{"line":95,"column":24},"end":{"line":100,"column":3}},"line":95},"13":{"name":"(anonymous_13)","decl":{"start":{"line":98,"column":22},"end":{"line":98,"column":23}},"loc":{"start":{"line":98,"column":27},"end":{"line":98,"column":59}},"line":98},"14":{"name":"(anonymous_14)","decl":{"start":{"line":102,"column":2},"end":{"line":102,"column":3}},"loc":{"start":{"line":102,"column":10},"end":{"line":110,"column":3}},"line":102},"15":{"name":"(anonymous_15)","decl":{"start":{"line":112,"column":2},"end":{"line":112,"column":3}},"loc":{"start":{"line":112,"column":13},"end":{"line":122,"column":3}},"line":112},"16":{"name":"(anonymous_16)","decl":{"start":{"line":124,"column":2},"end":{"line":124,"column":3}},"loc":{"start":{"line":124,"column":24},"end":{"line":127,"column":3}},"line":124},"17":{"name":"(anonymous_17)","decl":{"start":{"line":129,"column":2},"end":{"line":129,"column":3}},"loc":{"start":{"line":129,"column":13},"end":{"line":134,"column":3}},"line":129}},"branchMap":{"0":{"loc":{"start":{"line":13,"column":4},"end":{"line":15,"column":5}},"type":"if","locations":[{"start":{"line":13,"column":4},"end":{"line":15,"column":5}},{"start":{},"end":{}}],"line":13},"1":{"loc":{"start":{"line":23,"column":8},"end":{"line":23,"column":27}},"type":"if","locations":[{"start":{"line":23,"column":8},"end":{"line":23,"column":27}},{"start":{},"end":{}}],"line":23},"2":{"loc":{"start":{"line":24,"column":8},"end":{"line":24,"column":52}},"type":"if","locations":[{"start":{"line":24,"column":8},"end":{"line":24,"column":52}},{"start":{},"end":{}}],"line":24},"3":{"loc":{"start":{"line":33,"column":4},"end":{"line":33,"column":47}},"type":"if","locations":[{"start":{"line":33,"column":4},"end":{"line":33,"column":47}},{"start":{},"end":{}}],"line":33},"4":{"loc":{"start":{"line":51,"column":11},"end":{"line":51,"column":57}},"type":"cond-expr","locations":[{"start":{"line":51,"column":25},"end":{"line":51,"column":28}},{"start":{"line":51,"column":32},"end":{"line":51,"column":56}}],"line":51},"5":{"loc":{"start":{"line":51,"column":32},"end":{"line":51,"column":56}},"type":"cond-expr","locations":[{"start":{"line":51,"column":46},"end":{"line":51,"column":49}},{"start":{"line":51,"column":52},"end":{"line":51,"column":56}}],"line":51},"6":{"loc":{"start":{"line":56,"column":4},"end":{"line":56,"column":41}},"type":"if","locations":[{"start":{"line":56,"column":4},"end":{"line":56,"column":41}},{"start":{},"end":{}}],"line":56},"7":{"loc":{"start":{"line":57,"column":4},"end":{"line":57,"column":41}},"type":"if","locations":[{"start":{"line":57,"column":4},"end":{"line":57,"column":41}},{"start":{},"end":{}}],"line":57},"8":{"loc":{"start":{"line":63,"column":6},"end":{"line":65,"column":7}},"type":"if","locations":[{"start":{"line":63,"column":6},"end":{"line":65,"column":7}},{"start":{},"end":{}}],"line":63},"9":{"loc":{"start":{"line":68,"column":4},"end":{"line":70,"column":5}},"type":"if","locations":[{"start":{"line":68,"column":4},"end":{"line":70,"column":5}},{"start":{},"end":{}}],"line":68},"10":{"loc":{"start":{"line":75,"column":6},"end":{"line":80,"column":7}},"type":"if","locations":[{"start":{"line":75,"column":6},"end":{"line":80,"column":7}},{"start":{},"end":{}}],"line":75},"11":{"loc":{"start":{"line":89,"column":4},"end":{"line":92,"column":5}},"type":"if","locations":[{"start":{"line":89,"column":4},"end":{"line":92,"column":5}},{"start":{},"end":{}}],"line":89},"12":{"loc":{"start":{"line":126,"column":11},"end":{"line":126,"column":68}},"type":"cond-expr","locations":[{"start":{"line":126,"column":23},"end":{"line":126,"column":64}},{"start":{"line":126,"column":67},"end":{"line":126,"column":68}}],"line":126},"13":{"loc":{"start":{"line":130,"column":4},"end":{"line":132,"column":5}},"type":"if","locations":[{"start":{"line":130,"column":4},"end":{"line":132,"column":5}},{"start":{},"end":{}}],"line":130},"14":{"loc":{"start":{"line":130,"column":8},"end":{"line":130,"column":44}},"type":"binary-expr","locations":[{"start":{"line":130,"column":8},"end":{"line":130,"column":22}},{"start":{"line":130,"column":26},"end":{"line":130,"column":44}}],"line":130}},"s":{"0":1,"1":1,"2":2,"3":2,"4":2,"5":2,"6":2,"7":2,"8":2,"9":0,"10":0,"11":0,"12":0,"13":0,"14":0,"15":0,"16":0,"17":0,"18":0,"19":0,"20":4,"21":0,"22":4,"23":4,"24":4,"25":4,"26":4,"27":4,"28":4,"29":4,"30":4,"31":4,"32":4,"33":4,"34":4,"35":0,"36":4,"37":0,"38":4,"39":4,"40":20,"41":20,"42":20,"43":4,"44":0,"45":0,"46":0,"47":0,"48":0,"49":0,"50":0,"51":0,"52":4,"53":4,"54":4,"55":0,"56":0,"57":0,"58":0,"59":0,"60":0,"61":0,"62":0,"63":0,"64":0,"65":0,"66":0,"67":0,"68":0,"69":0,"70":4,"71":4,"72":4,"73":0,"74":0,"75":0,"76":1},"f":{"0":2,"1":0,"2":0,"3":4,"4":4,"5":4,"6":4,"7":4,"8":0,"9":4,"10":4,"11":0,"12":0,"13":0,"14":0,"15":4,"16":4,"17":0},"b":{"0":[0,2],"1":[0,0],"2":[0,0],"3":[0,4],"4":[1,3],"5":[1,2],"6":[0,4],"7":[0,4],"8":[20,0],"9":[0,4],"10":[0,0],"11":[0,4],"12":[0,4],"13":[0,0],"14":[0,0]},"_coverageSchema":"1a1c01bbd47fc00a2c39e90264f33305004495a9","hash":"1d1317d497b097e335593eb69da656fd29b0ab75"}
,"/Library/WebServer/Documents/conveyor-belt/conveyor-belt-nodejs-JS/lib/db.js": {"path":"/Library/WebServer/Documents/conveyor-belt/conveyor-belt-nodejs-JS/lib/db.js","statementMap":{"0":{"start":{"line":1,"column":16},"end":{"line":1,"column":44}},"1":{"start":{"line":2,"column":11},"end":{"line":2,"column":46}},"2":{"start":{"line":4,"column":0},"end":{"line":12,"column":3}},"3":{"start":{"line":5,"column":2},"end":{"line":11,"column":6}},"4":{"start":{"line":15,"column":2},"end":{"line":16,"column":35}}},"fnMap":{"0":{"name":"(anonymous_0)","decl":{"start":{"line":4,"column":13},"end":{"line":4,"column":14}},"loc":{"start":{"line":4,"column":19},"end":{"line":12,"column":1}},"line":4},"1":{"name":"saveResults","decl":{"start":{"line":14,"column":9},"end":{"line":14,"column":20}},"loc":{"start":{"line":14,"column":50},"end":{"line":17,"column":1}},"line":14}},"branchMap":{},"s":{"0":0,"1":0,"2":0,"3":0,"4":0},"f":{"0":0,"1":0},"b":{}}
,"/Library/WebServer/Documents/conveyor-belt/conveyor-belt-nodejs-JS/lib/gpio.js": {"path":"/Library/WebServer/Documents/conveyor-belt/conveyor-belt-nodejs-JS/lib/gpio.js","statementMap":{"0":{"start":{"line":1,"column":17},"end":{"line":1,"column":33}},"1":{"start":{"line":5,"column":4},"end":{"line":5,"column":104}},"2":{"start":{"line":6,"column":4},"end":{"line":6,"column":19}},"3":{"start":{"line":7,"column":4},"end":{"line":7,"column":21}},"4":{"start":{"line":11,"column":4},"end":{"line":16,"column":5}},"5":{"start":{"line":12,"column":6},"end":{"line":12,"column":28}},"6":{"start":{"line":14,"column":6},"end":{"line":14,"column":38}},"7":{"start":{"line":15,"column":6},"end":{"line":15,"column":13}},"8":{"start":{"line":17,"column":4},"end":{"line":17,"column":26}},"9":{"start":{"line":21,"column":4},"end":{"line":21,"column":42}},"10":{"start":{"line":22,"column":26},"end":{"line":39,"column":5}},"11":{"start":{"line":23,"column":21},"end":{"line":25,"column":7}},"12":{"start":{"line":24,"column":8},"end":{"line":24,"column":65}},"13":{"start":{"line":28,"column":6},"end":{"line":32,"column":7}},"14":{"start":{"line":29,"column":8},"end":{"line":31,"column":10}},"15":{"start":{"line":30,"column":10},"end":{"line":30,"column":31}},"16":{"start":{"line":34,"column":6},"end":{"line":38,"column":8}},"17":{"start":{"line":36,"column":24},"end":{"line":36,"column":25}},"18":{"start":{"line":41,"column":4},"end":{"line":46,"column":6}},"19":{"start":{"line":50,"column":4},"end":{"line":67,"column":5}},"20":{"start":{"line":51,"column":6},"end":{"line":51,"column":55}},"21":{"start":{"line":52,"column":6},"end":{"line":57,"column":8}},"22":{"start":{"line":60,"column":6},"end":{"line":60,"column":64}},"23":{"start":{"line":60,"column":46},"end":{"line":60,"column":62}},"24":{"start":{"line":62,"column":6},"end":{"line":62,"column":38}},"25":{"start":{"line":64,"column":6},"end":{"line":64,"column":94}},"26":{"start":{"line":65,"column":6},"end":{"line":65,"column":27}},"27":{"start":{"line":66,"column":6},"end":{"line":66,"column":28}},"28":{"start":{"line":71,"column":4},"end":{"line":73,"column":5}},"29":{"start":{"line":72,"column":6},"end":{"line":72,"column":52}},"30":{"start":{"line":75,"column":18},"end":{"line":75,"column":31}},"31":{"start":{"line":76,"column":4},"end":{"line":76,"column":36}},"32":{"start":{"line":78,"column":4},"end":{"line":80,"column":5}},"33":{"start":{"line":79,"column":6},"end":{"line":79,"column":51}},"34":{"start":{"line":84,"column":4},"end":{"line":86,"column":5}},"35":{"start":{"line":85,"column":6},"end":{"line":85,"column":52}},"36":{"start":{"line":87,"column":4},"end":{"line":87,"column":43}},"37":{"start":{"line":91,"column":4},"end":{"line":94,"column":5}},"38":{"start":{"line":92,"column":6},"end":{"line":92,"column":50}},"39":{"start":{"line":93,"column":6},"end":{"line":93,"column":13}},"40":{"start":{"line":96,"column":4},"end":{"line":96,"column":47}},"41":{"start":{"line":97,"column":4},"end":{"line":105,"column":7}},"42":{"start":{"line":98,"column":6},"end":{"line":104,"column":7}},"43":{"start":{"line":99,"column":8},"end":{"line":99,"column":25}},"44":{"start":{"line":100,"column":8},"end":{"line":100,"column":23}},"45":{"start":{"line":101,"column":8},"end":{"line":101,"column":50}},"46":{"start":{"line":103,"column":8},"end":{"line":103,"column":67}},"47":{"start":{"line":110,"column":21},"end":{"line":110,"column":41}},"48":{"start":{"line":113,"column":0},"end":{"line":128,"column":1}},"49":{"start":{"line":114,"column":2},"end":{"line":120,"column":4}},"50":{"start":{"line":115,"column":4},"end":{"line":115,"column":25}},"51":{"start":{"line":116,"column":4},"end":{"line":116,"column":26}},"52":{"start":{"line":118,"column":4},"end":{"line":118,"column":36}},"53":{"start":{"line":119,"column":4},"end":{"line":119,"column":42}},"54":{"start":{"line":122,"column":2},"end":{"line":127,"column":4}},"55":{"start":{"line":123,"column":4},"end":{"line":125,"column":5}},"56":{"start":{"line":124,"column":6},"end":{"line":124,"column":53}},"57":{"start":{"line":126,"column":4},"end":{"line":126,"column":54}},"58":{"start":{"line":130,"column":0},"end":{"line":130,"column":30}}},"fnMap":{"0":{"name":"(anonymous_0)","decl":{"start":{"line":4,"column":2},"end":{"line":4,"column":3}},"loc":{"start":{"line":4,"column":16},"end":{"line":8,"column":3}},"line":4},"1":{"name":"(anonymous_1)","decl":{"start":{"line":10,"column":2},"end":{"line":10,"column":3}},"loc":{"start":{"line":10,"column":14},"end":{"line":18,"column":3}},"line":10},"2":{"name":"(anonymous_2)","decl":{"start":{"line":20,"column":2},"end":{"line":20,"column":3}},"loc":{"start":{"line":20,"column":19},"end":{"line":47,"column":3}},"line":20},"3":{"name":"(anonymous_3)","decl":{"start":{"line":22,"column":26},"end":{"line":22,"column":27}},"loc":{"start":{"line":22,"column":36},"end":{"line":39,"column":5}},"line":22},"4":{"name":"(anonymous_4)","decl":{"start":{"line":23,"column":21},"end":{"line":23,"column":22}},"loc":{"start":{"line":23,"column":32},"end":{"line":25,"column":7}},"line":23},"5":{"name":"(anonymous_5)","decl":{"start":{"line":29,"column":36},"end":{"line":29,"column":37}},"loc":{"start":{"line":29,"column":46},"end":{"line":31,"column":9}},"line":29},"6":{"name":"(anonymous_6)","decl":{"start":{"line":36,"column":18},"end":{"line":36,"column":19}},"loc":{"start":{"line":36,"column":24},"end":{"line":36,"column":25}},"line":36},"7":{"name":"(anonymous_7)","decl":{"start":{"line":37,"column":18},"end":{"line":37,"column":19}},"loc":{"start":{"line":37,"column":24},"end":{"line":37,"column":26}},"line":37},"8":{"name":"(anonymous_8)","decl":{"start":{"line":49,"column":2},"end":{"line":49,"column":3}},"loc":{"start":{"line":49,"column":19},"end":{"line":68,"column":3}},"line":49},"9":{"name":"(anonymous_9)","decl":{"start":{"line":60,"column":39},"end":{"line":60,"column":40}},"loc":{"start":{"line":60,"column":46},"end":{"line":60,"column":62}},"line":60},"10":{"name":"(anonymous_10)","decl":{"start":{"line":70,"column":2},"end":{"line":70,"column":3}},"loc":{"start":{"line":70,"column":21},"end":{"line":81,"column":3}},"line":70},"11":{"name":"(anonymous_11)","decl":{"start":{"line":83,"column":2},"end":{"line":83,"column":3}},"loc":{"start":{"line":83,"column":19},"end":{"line":88,"column":3}},"line":83},"12":{"name":"(anonymous_12)","decl":{"start":{"line":90,"column":2},"end":{"line":90,"column":3}},"loc":{"start":{"line":90,"column":12},"end":{"line":106,"column":3}},"line":90},"13":{"name":"(anonymous_13)","decl":{"start":{"line":97,"column":38},"end":{"line":97,"column":39}},"loc":{"start":{"line":97,"column":54},"end":{"line":105,"column":5}},"line":97},"14":{"name":"(anonymous_14)","decl":{"start":{"line":114,"column":32},"end":{"line":114,"column":33}},"loc":{"start":{"line":114,"column":43},"end":{"line":120,"column":3}},"line":114},"15":{"name":"(anonymous_15)","decl":{"start":{"line":122,"column":31},"end":{"line":122,"column":32}},"loc":{"start":{"line":122,"column":45},"end":{"line":127,"column":3}},"line":122}},"branchMap":{"0":{"loc":{"start":{"line":5,"column":20},"end":{"line":5,"column":103}},"type":"binary-expr","locations":[{"start":{"line":5,"column":20},"end":{"line":5,"column":51}},{"start":{"line":5,"column":55},"end":{"line":5,"column":83}},{"start":{"line":5,"column":87},"end":{"line":5,"column":103}}],"line":5},"1":{"loc":{"start":{"line":11,"column":4},"end":{"line":16,"column":5}},"type":"if","locations":[{"start":{"line":11,"column":4},"end":{"line":16,"column":5}},{"start":{},"end":{}}],"line":11},"2":{"loc":{"start":{"line":28,"column":6},"end":{"line":32,"column":7}},"type":"if","locations":[{"start":{"line":28,"column":6},"end":{"line":32,"column":7}},{"start":{},"end":{}}],"line":28},"3":{"loc":{"start":{"line":71,"column":4},"end":{"line":73,"column":5}},"type":"if","locations":[{"start":{"line":71,"column":4},"end":{"line":73,"column":5}},{"start":{},"end":{}}],"line":71},"4":{"loc":{"start":{"line":75,"column":18},"end":{"line":75,"column":31}},"type":"cond-expr","locations":[{"start":{"line":75,"column":26},"end":{"line":75,"column":27}},{"start":{"line":75,"column":30},"end":{"line":75,"column":31}}],"line":75},"5":{"loc":{"start":{"line":78,"column":4},"end":{"line":80,"column":5}},"type":"if","locations":[{"start":{"line":78,"column":4},"end":{"line":80,"column":5}},{"start":{},"end":{}}],"line":78},"6":{"loc":{"start":{"line":84,"column":4},"end":{"line":86,"column":5}},"type":"if","locations":[{"start":{"line":84,"column":4},"end":{"line":86,"column":5}},{"start":{},"end":{}}],"line":84},"7":{"loc":{"start":{"line":91,"column":4},"end":{"line":94,"column":5}},"type":"if","locations":[{"start":{"line":91,"column":4},"end":{"line":94,"column":5}},{"start":{},"end":{}}],"line":91},"8":{"loc":{"start":{"line":113,"column":0},"end":{"line":128,"column":1}},"type":"if","locations":[{"start":{"line":113,"column":0},"end":{"line":128,"column":1}},{"start":{},"end":{}}],"line":113},"9":{"loc":{"start":{"line":123,"column":4},"end":{"line":125,"column":5}},"type":"if","locations":[{"start":{"line":123,"column":4},"end":{"line":125,"column":5}},{"start":{},"end":{}}],"line":123},"10":{"loc":{"start":{"line":126,"column":11},"end":{"line":126,"column":53}},"type":"binary-expr","locations":[{"start":{"line":126,"column":11},"end":{"line":126,"column":47}},{"start":{"line":126,"column":51},"end":{"line":126,"column":53}}],"line":126}},"s":{"0":1,"1":1,"2":1,"3":1,"4":1,"5":1,"6":1,"7":1,"8":0,"9":1,"10":1,"11":4,"12":1,"13":4,"14":4,"15":0,"16":4,"17":0,"18":1,"19":0,"20":0,"21":0,"22":0,"23":0,"24":0,"25":0,"26":0,"27":0,"28":5,"29":0,"30":5,"31":5,"32":5,"33":5,"34":0,"35":0,"36":0,"37":0,"38":0,"39":0,"40":0,"41":0,"42":0,"43":0,"44":0,"45":0,"46":0,"47":1,"48":1,"49":1,"50":0,"51":0,"52":0,"53":0,"54":1,"55":0,"56":0,"57":0,"58":1},"f":{"0":1,"1":1,"2":1,"3":4,"4":1,"5":0,"6":0,"7":0,"8":0,"9":0,"10":5,"11":0,"12":0,"13":0,"14":0,"15":0},"b":{"0":[1,0,0],"1":[1,0],"2":[4,0],"3":[0,5],"4":[2,3],"5":[5,0],"6":[0,0],"7":[0,0],"8":[1,0],"9":[0,0],"10":[0,0]},"_coverageSchema":"1a1c01bbd47fc00a2c39e90264f33305004495a9","hash":"6173661b7c8d4ce9e118c51d8ab11b3404ebece6"}
,"/Library/WebServer/Documents/conveyor-belt/conveyor-belt-nodejs-JS/lib/workers.js": {"path":"/Library/WebServer/Documents/conveyor-belt/conveyor-belt-nodejs-JS/lib/workers.js","statementMap":{"0":{"start":{"line":1,"column":17},"end":{"line":1,"column":33}},"1":{"start":{"line":2,"column":13},"end":{"line":2,"column":30}},"2":{"start":{"line":6,"column":4},"end":{"line":6,"column":17}},"3":{"start":{"line":7,"column":4},"end":{"line":7,"column":30}},"4":{"start":{"line":8,"column":4},"end":{"line":8,"column":26}},"5":{"start":{"line":9,"column":4},"end":{"line":9,"column":31}},"6":{"start":{"line":11,"column":4},"end":{"line":13,"column":5}},"7":{"start":{"line":12,"column":6},"end":{"line":12,"column":28}},"8":{"start":{"line":17,"column":4},"end":{"line":22,"column":5}},"9":{"start":{"line":18,"column":6},"end":{"line":18,"column":47}},"10":{"start":{"line":20,"column":6},"end":{"line":20,"column":77}},"11":{"start":{"line":21,"column":6},"end":{"line":21,"column":27}},"12":{"start":{"line":26,"column":4},"end":{"line":29,"column":5}},"13":{"start":{"line":27,"column":6},"end":{"line":27,"column":26}},"14":{"start":{"line":28,"column":6},"end":{"line":28,"column":18}},"15":{"start":{"line":31,"column":4},"end":{"line":34,"column":5}},"16":{"start":{"line":32,"column":6},"end":{"line":32,"column":27}},"17":{"start":{"line":33,"column":6},"end":{"line":33,"column":18}},"18":{"start":{"line":36,"column":4},"end":{"line":38,"column":5}},"19":{"start":{"line":37,"column":6},"end":{"line":37,"column":38}},"20":{"start":{"line":40,"column":4},"end":{"line":42,"column":5}},"21":{"start":{"line":41,"column":6},"end":{"line":41,"column":33}},"22":{"start":{"line":44,"column":4},"end":{"line":44,"column":16}},"23":{"start":{"line":48,"column":29},"end":{"line":48,"column":67}},"24":{"start":{"line":49,"column":25},"end":{"line":49,"column":50}},"25":{"start":{"line":50,"column":24},"end":{"line":50,"column":55}},"26":{"start":{"line":52,"column":4},"end":{"line":52,"column":59}},"27":{"start":{"line":56,"column":27},"end":{"line":56,"column":51}},"28":{"start":{"line":57,"column":4},"end":{"line":59,"column":5}},"29":{"start":{"line":58,"column":6},"end":{"line":58,"column":50}},"30":{"start":{"line":61,"column":4},"end":{"line":61,"column":43}},"31":{"start":{"line":62,"column":4},"end":{"line":62,"column":16}},"32":{"start":{"line":66,"column":4},"end":{"line":66,"column":64}},"33":{"start":{"line":70,"column":4},"end":{"line":70,"column":30}},"34":{"start":{"line":71,"column":4},"end":{"line":71,"column":26}},"35":{"start":{"line":72,"column":4},"end":{"line":72,"column":28}},"36":{"start":{"line":76,"column":4},"end":{"line":76,"column":33}},"37":{"start":{"line":80,"column":4},"end":{"line":80,"column":35}},"38":{"start":{"line":84,"column":4},"end":{"line":84,"column":26}},"39":{"start":{"line":85,"column":4},"end":{"line":85,"column":29}},"40":{"start":{"line":86,"column":4},"end":{"line":86,"column":29}},"41":{"start":{"line":87,"column":4},"end":{"line":87,"column":15}},"42":{"start":{"line":91,"column":4},"end":{"line":91,"column":30}},"43":{"start":{"line":92,"column":4},"end":{"line":92,"column":26}},"44":{"start":{"line":93,"column":4},"end":{"line":93,"column":31}},"45":{"start":{"line":94,"column":4},"end":{"line":94,"column":29}},"46":{"start":{"line":98,"column":4},"end":{"line":104,"column":6}},"47":{"start":{"line":108,"column":4},"end":{"line":108,"column":42}},"48":{"start":{"line":108,"column":35},"end":{"line":108,"column":42}},"49":{"start":{"line":110,"column":4},"end":{"line":118,"column":5}},"50":{"start":{"line":111,"column":6},"end":{"line":115,"column":7}},"51":{"start":{"line":112,"column":8},"end":{"line":112,"column":42}},"52":{"start":{"line":114,"column":8},"end":{"line":114,"column":47}},"53":{"start":{"line":117,"column":6},"end":{"line":117,"column":69}},"54":{"start":{"line":122,"column":0},"end":{"line":122,"column":34}}},"fnMap":{"0":{"name":"(anonymous_0)","decl":{"start":{"line":5,"column":2},"end":{"line":5,"column":3}},"loc":{"start":{"line":5,"column":18},"end":{"line":14,"column":3}},"line":5},"1":{"name":"(anonymous_1)","decl":{"start":{"line":16,"column":2},"end":{"line":16,"column":3}},"loc":{"start":{"line":16,"column":19},"end":{"line":23,"column":3}},"line":16},"2":{"name":"(anonymous_2)","decl":{"start":{"line":25,"column":2},"end":{"line":25,"column":3}},"loc":{"start":{"line":25,"column":20},"end":{"line":45,"column":3}},"line":25},"3":{"name":"(anonymous_3)","decl":{"start":{"line":47,"column":2},"end":{"line":47,"column":3}},"loc":{"start":{"line":47,"column":30},"end":{"line":53,"column":3}},"line":47},"4":{"name":"(anonymous_4)","decl":{"start":{"line":55,"column":2},"end":{"line":55,"column":3}},"loc":{"start":{"line":55,"column":27},"end":{"line":63,"column":3}},"line":55},"5":{"name":"(anonymous_5)","decl":{"start":{"line":65,"column":2},"end":{"line":65,"column":3}},"loc":{"start":{"line":65,"column":22},"end":{"line":67,"column":3}},"line":65},"6":{"name":"(anonymous_6)","decl":{"start":{"line":69,"column":2},"end":{"line":69,"column":3}},"loc":{"start":{"line":69,"column":18},"end":{"line":73,"column":3}},"line":69},"7":{"name":"(anonymous_7)","decl":{"start":{"line":75,"column":2},"end":{"line":75,"column":3}},"loc":{"start":{"line":75,"column":17},"end":{"line":77,"column":3}},"line":75},"8":{"name":"(anonymous_8)","decl":{"start":{"line":79,"column":2},"end":{"line":79,"column":3}},"loc":{"start":{"line":79,"column":24},"end":{"line":81,"column":3}},"line":79},"9":{"name":"(anonymous_9)","decl":{"start":{"line":83,"column":2},"end":{"line":83,"column":3}},"loc":{"start":{"line":83,"column":17},"end":{"line":88,"column":3}},"line":83},"10":{"name":"(anonymous_10)","decl":{"start":{"line":90,"column":2},"end":{"line":90,"column":3}},"loc":{"start":{"line":90,"column":10},"end":{"line":95,"column":3}},"line":90},"11":{"name":"(anonymous_11)","decl":{"start":{"line":97,"column":2},"end":{"line":97,"column":3}},"loc":{"start":{"line":97,"column":14},"end":{"line":105,"column":3}},"line":97},"12":{"name":"(anonymous_12)","decl":{"start":{"line":107,"column":2},"end":{"line":107,"column":3}},"loc":{"start":{"line":107,"column":22},"end":{"line":119,"column":3}},"line":107}},"branchMap":{"0":{"loc":{"start":{"line":11,"column":4},"end":{"line":13,"column":5}},"type":"if","locations":[{"start":{"line":11,"column":4},"end":{"line":13,"column":5}},{"start":{},"end":{}}],"line":11},"1":{"loc":{"start":{"line":11,"column":8},"end":{"line":11,"column":33}},"type":"binary-expr","locations":[{"start":{"line":11,"column":8},"end":{"line":11,"column":22}},{"start":{"line":11,"column":26},"end":{"line":11,"column":33}}],"line":11},"2":{"loc":{"start":{"line":26,"column":4},"end":{"line":29,"column":5}},"type":"if","locations":[{"start":{"line":26,"column":4},"end":{"line":29,"column":5}},{"start":{},"end":{}}],"line":26},"3":{"loc":{"start":{"line":31,"column":4},"end":{"line":34,"column":5}},"type":"if","locations":[{"start":{"line":31,"column":4},"end":{"line":34,"column":5}},{"start":{},"end":{}}],"line":31},"4":{"loc":{"start":{"line":36,"column":4},"end":{"line":38,"column":5}},"type":"if","locations":[{"start":{"line":36,"column":4},"end":{"line":38,"column":5}},{"start":{},"end":{}}],"line":36},"5":{"loc":{"start":{"line":40,"column":4},"end":{"line":42,"column":5}},"type":"if","locations":[{"start":{"line":40,"column":4},"end":{"line":42,"column":5}},{"start":{},"end":{}}],"line":40},"6":{"loc":{"start":{"line":40,"column":8},"end":{"line":40,"column":51}},"type":"binary-expr","locations":[{"start":{"line":40,"column":8},"end":{"line":40,"column":34}},{"start":{"line":40,"column":38},"end":{"line":40,"column":51}}],"line":40},"7":{"loc":{"start":{"line":48,"column":29},"end":{"line":48,"column":67}},"type":"binary-expr","locations":[{"start":{"line":48,"column":29},"end":{"line":48,"column":46}},{"start":{"line":48,"column":50},"end":{"line":48,"column":67}}],"line":48},"8":{"loc":{"start":{"line":52,"column":11},"end":{"line":52,"column":58}},"type":"binary-expr","locations":[{"start":{"line":52,"column":11},"end":{"line":52,"column":27}},{"start":{"line":52,"column":31},"end":{"line":52,"column":43}},{"start":{"line":52,"column":47},"end":{"line":52,"column":58}}],"line":52},"9":{"loc":{"start":{"line":57,"column":4},"end":{"line":59,"column":5}},"type":"if","locations":[{"start":{"line":57,"column":4},"end":{"line":59,"column":5}},{"start":{},"end":{}}],"line":57},"10":{"loc":{"start":{"line":66,"column":11},"end":{"line":66,"column":63}},"type":"binary-expr","locations":[{"start":{"line":66,"column":11},"end":{"line":66,"column":35}},{"start":{"line":66,"column":39},"end":{"line":66,"column":63}}],"line":66},"11":{"loc":{"start":{"line":108,"column":4},"end":{"line":108,"column":42}},"type":"if","locations":[{"start":{"line":108,"column":4},"end":{"line":108,"column":42}},{"start":{},"end":{}}],"line":108},"12":{"loc":{"start":{"line":108,"column":8},"end":{"line":108,"column":33}},"type":"binary-expr","locations":[{"start":{"line":108,"column":8},"end":{"line":108,"column":21}},{"start":{"line":108,"column":25},"end":{"line":108,"column":33}}],"line":108},"13":{"loc":{"start":{"line":111,"column":6},"end":{"line":115,"column":7}},"type":"if","locations":[{"start":{"line":111,"column":6},"end":{"line":115,"column":7}},{"start":{"line":113,"column":13},"end":{"line":115,"column":7}}],"line":111},"14":{"loc":{"start":{"line":112,"column":27},"end":{"line":112,"column":40}},"type":"cond-expr","locations":[{"start":{"line":112,"column":35},"end":{"line":112,"column":36}},{"start":{"line":112,"column":39},"end":{"line":112,"column":40}}],"line":112}},"s":{"0":1,"1":1,"2":2,"3":2,"4":2,"5":2,"6":2,"7":0,"8":0,"9":0,"10":0,"11":0,"12":20,"13":8,"14":8,"15":12,"16":1,"17":1,"18":11,"19":1,"20":10,"21":0,"22":10,"23":11,"24":11,"25":11,"26":11,"27":1,"28":1,"29":0,"30":1,"31":1,"32":12,"33":1,"34":1,"35":1,"36":24,"37":14,"38":0,"39":0,"40":0,"41":0,"42":0,"43":0,"44":0,"45":0,"46":0,"47":1,"48":1,"49":0,"50":0,"51":0,"52":0,"53":0,"54":1},"f":{"0":2,"1":0,"2":20,"3":11,"4":1,"5":12,"6":1,"7":24,"8":14,"9":0,"10":0,"11":0,"12":1},"b":{"0":[0,2],"1":[2,0],"2":[8,12],"3":[1,11],"4":[1,10],"5":[0,10],"6":[10,0],"7":[11,10],"8":[11,1,1],"9":[0,1],"10":[12,10],"11":[1,0],"12":[1,0],"13":[0,0],"14":[0,0]},"_coverageSchema":"1a1c01bbd47fc00a2c39e90264f33305004495a9","hash":"a94fa843b96672965b5f12566c58a49b7cd1e8c8"}
}
