TN:
SF:index.js
FN:37,(anonymous_0)
FN:49,(anonymous_1)
FN:160,(anonymous_2)
FN:165,(anonymous_3)
FN:183,(anonymous_4)
FN:193,(anonymous_5)
FN:242,(anonymous_6)
FN:244,(anonymous_7)
FN:261,calculateEfficiency
FN:266,updateGpioMetrics
FN:270,(anonymous_10)
FN:281,(anonymous_11)
FN:287,(anonymous_12)
FN:291,(anonymous_13)
FN:296,(anonymous_14)
FN:307,(anonymous_15)
FNF:16
FNH:0
FNDA:0,(anonymous_0)
FNDA:0,(anonymous_1)
FNDA:0,(anonymous_2)
FNDA:0,(anonymous_3)
FNDA:0,(anonymous_4)
FNDA:0,(anonymous_5)
FNDA:0,(anonymous_6)
FNDA:0,(anonymous_7)
FNDA:0,calculateEfficiency
FNDA:0,updateGpioMetrics
FNDA:0,(anonymous_10)
FNDA:0,(anonymous_11)
FNDA:0,(anonymous_12)
FNDA:0,(anonymous_13)
FNDA:0,(anonymous_14)
FNDA:0,(anonymous_15)
DA:1,0
DA:2,0
DA:3,0
DA:4,0
DA:5,0
DA:6,0
DA:7,0
DA:9,0
DA:10,0
DA:12,0
DA:13,0
DA:14,0
DA:16,0
DA:17,0
DA:19,0
DA:24,0
DA:30,0
DA:36,0
DA:37,0
DA:38,0
DA:39,0
DA:43,0
DA:46,0
DA:49,0
DA:50,0
DA:160,0
DA:161,0
DA:165,0
DA:166,0
DA:167,0
DA:178,0
DA:179,0
DA:183,0
DA:184,0
DA:185,0
DA:186,0
DA:187,0
DA:189,0
DA:193,0
DA:194,0
DA:195,0
DA:196,0
DA:197,0
DA:199,0
DA:200,0
DA:201,0
DA:204,0
DA:205,0
DA:206,0
DA:209,0
DA:219,0
DA:222,0
DA:223,0
DA:226,0
DA:237,0
DA:238,0
DA:242,0
DA:243,0
DA:244,0
DA:245,0
DA:248,0
DA:250,0
DA:262,0
DA:263,0
DA:267,0
DA:268,0
DA:269,0
DA:270,0
DA:271,0
DA:277,0
DA:280,0
DA:281,0
DA:282,0
DA:287,0
DA:288,0
DA:291,0
DA:292,0
DA:293,0
DA:296,0
DA:297,0
DA:298,0
DA:307,0
DA:308,0
DA:309,0
LF:84
LH:0
BRDA:10,0,0,0
BRDA:10,0,1,0
BRDA:195,1,0,0
BRDA:222,2,0,0
BRDA:222,2,1,0
BRDA:263,3,0,0
BRDA:263,3,1,0
BRDA:267,4,0,0
BRDA:267,4,1,0
BRF:9
BRH:0
end_of_record
TN:
SF:lib/backup-gpio.js
FN:8,updateLeds
FN:9,(anonymous_1)
FNF:2
FNH:0
FNDA:0,updateLeds
FNDA:0,(anonymous_1)
DA:1,0
DA:2,0
DA:9,0
DA:10,0
LF:4
LH:0
BRDA:10,0,0,0
BRDA:10,0,1,0
BRF:2
BRH:0
end_of_record
TN:
SF:lib/conveyor-backup.js
FN:2,(anonymous_0)
FN:6,(anonymous_1)
FN:13,(anonymous_2)
FN:25,(anonymous_3)
FN:48,(anonymous_4)
FNF:5
FNH:0
FNDA:0,(anonymous_0)
FNDA:0,(anonymous_1)
FNDA:0,(anonymous_2)
FNDA:0,(anonymous_3)
FNDA:0,(anonymous_4)
DA:3,0
DA:7,0
DA:8,0
DA:9,0
DA:10,0
DA:15,0
DA:16,0
DA:17,0
DA:20,0
DA:21,0
DA:22,0
DA:25,0
DA:26,0
DA:27,0
DA:28,0
DA:29,0
DA:34,0
DA:35,0
DA:36,0
DA:37,0
DA:38,0
DA:39,0
DA:45,0
DA:49,0
DA:58,0
LF:25
LH:0
BRDA:15,0,0,0
BRDA:15,0,1,0
BRDA:15,1,0,0
BRDA:15,1,1,0
BRDA:21,2,0,0
BRDA:21,2,1,0
BRDA:22,3,0,0
BRDA:22,3,1,0
BRDA:28,4,0,0
BRDA:28,4,1,0
BRDA:34,5,0,0
BRDA:34,5,1,0
BRDA:36,6,0,0
BRDA:36,6,1,0
BRF:14
BRH:0
end_of_record
TN:
SF:lib/conveyor.js
FN:5,(anonymous_0)
FN:18,(anonymous_1)
FN:22,(anonymous_2)
FN:32,(anonymous_3)
FN:41,(anonymous_4)
FN:49,(anonymous_5)
FN:54,(anonymous_6)
FN:60,(anonymous_7)
FN:73,(anonymous_8)
FN:84,(anonymous_9)
FN:85,(anonymous_10)
FN:91,(anonymous_11)
FN:95,(anonymous_12)
FN:98,(anonymous_13)
FN:102,(anonymous_14)
FN:112,(anonymous_15)
FN:124,(anonymous_16)
FN:129,(anonymous_17)
FNF:18
FNH:10
FNDA:2,(anonymous_0)
FNDA:0,(anonymous_1)
FNDA:0,(anonymous_2)
FNDA:4,(anonymous_3)
FNDA:4,(anonymous_4)
FNDA:4,(anonymous_5)
FNDA:4,(anonymous_6)
FNDA:4,(anonymous_7)
FNDA:0,(anonymous_8)
FNDA:4,(anonymous_9)
FNDA:4,(anonymous_10)
FNDA:0,(anonymous_11)
FNDA:0,(anonymous_12)
FNDA:0,(anonymous_13)
FNDA:0,(anonymous_14)
FNDA:4,(anonymous_15)
FNDA:4,(anonymous_16)
FNDA:0,(anonymous_17)
DA:1,1
DA:2,1
DA:6,2
DA:7,2
DA:8,2
DA:9,2
DA:10,2
DA:11,2
DA:13,2
DA:14,0
DA:19,0
DA:20,0
DA:21,0
DA:22,0
DA:23,0
DA:24,0
DA:27,0
DA:28,0
DA:33,4
DA:35,4
DA:36,4
DA:37,4
DA:38,4
DA:39,4
DA:41,4
DA:42,4
DA:45,4
DA:46,4
DA:50,4
DA:51,4
DA:55,4
DA:56,4
DA:57,4
DA:61,4
DA:62,20
DA:63,20
DA:64,20
DA:68,4
DA:69,0
DA:74,0
DA:75,0
DA:76,0
DA:77,0
DA:78,0
DA:79,0
DA:85,4
DA:86,4
DA:89,4
DA:90,0
DA:91,0
DA:96,0
DA:97,0
DA:98,0
DA:99,0
DA:103,0
DA:104,0
DA:105,0
DA:106,0
DA:107,0
DA:108,0
DA:109,0
DA:113,4
DA:125,4
DA:126,4
DA:130,0
DA:131,0
DA:133,0
DA:137,1
LF:68
LH:36
BRDA:13,0,0,0
BRDA:13,0,1,2
BRDA:23,1,0,0
BRDA:23,1,1,0
BRDA:24,2,0,0
BRDA:24,2,1,0
BRDA:33,3,0,0
BRDA:33,3,1,4
BRDA:51,4,0,1
BRDA:51,4,1,3
BRDA:51,5,0,1
BRDA:51,5,1,2
BRDA:56,6,0,0
BRDA:56,6,1,4
BRDA:57,7,0,0
BRDA:57,7,1,4
BRDA:63,8,0,20
BRDA:63,8,1,0
BRDA:68,9,0,0
BRDA:68,9,1,4
BRDA:75,10,0,0
BRDA:75,10,1,0
BRDA:89,11,0,0
BRDA:89,11,1,4
BRDA:126,12,0,0
BRDA:126,12,1,4
BRDA:130,13,0,0
BRDA:130,13,1,0
BRDA:130,14,0,0
BRDA:130,14,1,0
BRF:30
BRH:12
end_of_record
TN:
SF:lib/db.js
FN:4,(anonymous_0)
FN:14,saveResults
FNF:2
FNH:0
FNDA:0,(anonymous_0)
FNDA:0,saveResults
DA:1,0
DA:2,0
DA:4,0
DA:5,0
DA:15,0
LF:5
LH:0
BRF:0
BRH:0
end_of_record
TN:
SF:lib/gpio.js
FN:4,(anonymous_0)
FN:10,(anonymous_1)
FN:20,(anonymous_2)
FN:22,(anonymous_3)
FN:23,(anonymous_4)
FN:29,(anonymous_5)
FN:36,(anonymous_6)
FN:37,(anonymous_7)
FN:49,(anonymous_8)
FN:60,(anonymous_9)
FN:70,(anonymous_10)
FN:83,(anonymous_11)
FN:90,(anonymous_12)
FN:97,(anonymous_13)
FN:114,(anonymous_14)
FN:122,(anonymous_15)
FNF:16
FNH:6
FNDA:1,(anonymous_0)
FNDA:1,(anonymous_1)
FNDA:1,(anonymous_2)
FNDA:4,(anonymous_3)
FNDA:1,(anonymous_4)
FNDA:0,(anonymous_5)
FNDA:0,(anonymous_6)
FNDA:0,(anonymous_7)
FNDA:0,(anonymous_8)
FNDA:0,(anonymous_9)
FNDA:5,(anonymous_10)
FNDA:0,(anonymous_11)
FNDA:0,(anonymous_12)
FNDA:0,(anonymous_13)
FNDA:0,(anonymous_14)
FNDA:0,(anonymous_15)
DA:1,1
DA:5,1
DA:6,1
DA:7,1
DA:11,1
DA:12,1
DA:14,1
DA:15,1
DA:17,0
DA:21,1
DA:22,1
DA:23,4
DA:24,1
DA:28,4
DA:29,4
DA:30,0
DA:34,4
DA:36,0
DA:41,1
DA:50,0
DA:51,0
DA:52,0
DA:60,0
DA:62,0
DA:64,0
DA:65,0
DA:66,0
DA:71,5
DA:72,0
DA:75,5
DA:76,5
DA:78,5
DA:79,5
DA:84,0
DA:85,0
DA:87,0
DA:91,0
DA:92,0
DA:93,0
DA:96,0
DA:97,0
DA:98,0
DA:99,0
DA:100,0
DA:101,0
DA:103,0
DA:110,1
DA:113,1
DA:114,1
DA:115,0
DA:116,0
DA:118,0
DA:119,0
DA:122,1
DA:123,0
DA:124,0
DA:126,0
DA:130,1
LF:58
LH:26
BRDA:5,0,0,1
BRDA:5,0,1,0
BRDA:5,0,2,0
BRDA:11,1,0,1
BRDA:11,1,1,0
BRDA:28,2,0,4
BRDA:28,2,1,0
BRDA:71,3,0,0
BRDA:71,3,1,5
BRDA:75,4,0,2
BRDA:75,4,1,3
BRDA:78,5,0,5
BRDA:78,5,1,0
BRDA:84,6,0,0
BRDA:84,6,1,0
BRDA:91,7,0,0
BRDA:91,7,1,0
BRDA:113,8,0,1
BRDA:113,8,1,0
BRDA:123,9,0,0
BRDA:123,9,1,0
BRDA:126,10,0,0
BRDA:126,10,1,0
BRF:23
BRH:8
end_of_record
TN:
SF:lib/workers.js
FN:5,(anonymous_0)
FN:16,(anonymous_1)
FN:25,(anonymous_2)
FN:47,(anonymous_3)
FN:55,(anonymous_4)
FN:65,(anonymous_5)
FN:69,(anonymous_6)
FN:75,(anonymous_7)
FN:79,(anonymous_8)
FN:83,(anonymous_9)
FN:90,(anonymous_10)
FN:97,(anonymous_11)
FN:107,(anonymous_12)
FNF:13
FNH:9
FNDA:2,(anonymous_0)
FNDA:0,(anonymous_1)
FNDA:20,(anonymous_2)
FNDA:11,(anonymous_3)
FNDA:1,(anonymous_4)
FNDA:12,(anonymous_5)
FNDA:1,(anonymous_6)
FNDA:24,(anonymous_7)
FNDA:14,(anonymous_8)
FNDA:0,(anonymous_9)
FNDA:0,(anonymous_10)
FNDA:0,(anonymous_11)
FNDA:1,(anonymous_12)
DA:1,1
DA:2,1
DA:6,2
DA:7,2
DA:8,2
DA:9,2
DA:11,2
DA:12,0
DA:17,0
DA:18,0
DA:20,0
DA:21,0
DA:26,20
DA:27,8
DA:28,8
DA:31,12
DA:32,1
DA:33,1
DA:36,11
DA:37,1
DA:40,10
DA:41,0
DA:44,10
DA:48,11
DA:49,11
DA:50,11
DA:52,11
DA:56,1
DA:57,1
DA:58,0
DA:61,1
DA:62,1
DA:66,12
DA:70,1
DA:71,1
DA:72,1
DA:76,24
DA:80,14
DA:84,0
DA:85,0
DA:86,0
DA:87,0
DA:91,0
DA:92,0
DA:93,0
DA:94,0
DA:98,0
DA:108,1
DA:110,0
DA:111,0
DA:112,0
DA:114,0
DA:117,0
DA:122,1
LF:54
LH:33
BRDA:11,0,0,0
BRDA:11,0,1,2
BRDA:11,1,0,2
BRDA:11,1,1,0
BRDA:26,2,0,8
BRDA:26,2,1,12
BRDA:31,3,0,1
BRDA:31,3,1,11
BRDA:36,4,0,1
BRDA:36,4,1,10
BRDA:40,5,0,0
BRDA:40,5,1,10
BRDA:40,6,0,10
BRDA:40,6,1,0
BRDA:48,7,0,11
BRDA:48,7,1,10
BRDA:52,8,0,11
BRDA:52,8,1,1
BRDA:52,8,2,1
BRDA:57,9,0,0
BRDA:57,9,1,1
BRDA:66,10,0,12
BRDA:66,10,1,10
BRDA:108,11,0,1
BRDA:108,11,1,0
BRDA:108,12,0,1
BRDA:108,12,1,0
BRDA:111,13,0,0
BRDA:111,13,1,0
BRDA:112,14,0,0
BRDA:112,14,1,0
BRF:31
BRH:20
end_of_record
